Determining if the pthread_create exist failed with the following output:
Change Dir: /home/romain/Bureau/iSeason/build/CMakeFiles/CMakeTmp

Run Build Command:/usr/bin/make "cmTryCompileExec3970252/fast"
/usr/bin/make -f CMakeFiles/cmTryCompileExec3970252.dir/build.make CMakeFiles/cmTryCompileExec3970252.dir/build
make[1]: entrant dans le répertoire « /home/romain/Bureau/iSeason/build/CMakeFiles/CMakeTmp »
/usr/bin/cmake -E cmake_progress_report /home/romain/Bureau/iSeason/build/CMakeFiles/CMakeTmp/CMakeFiles 1
Building C object CMakeFiles/cmTryCompileExec3970252.dir/CheckSymbolExists.c.o
/usr/bin/cc    -o CMakeFiles/cmTryCompileExec3970252.dir/CheckSymbolExists.c.o   -c /home/romain/Bureau/iSeason/build/CMakeFiles/CMakeTmp/CheckSymbolExists.c
Linking C executable cmTryCompileExec3970252
/usr/bin/cmake -E cmake_link_script CMakeFiles/cmTryCompileExec3970252.dir/link.txt --verbose=1
/usr/bin/cc       CMakeFiles/cmTryCompileExec3970252.dir/CheckSymbolExists.c.o  -o cmTryCompileExec3970252 -rdynamic 
CMakeFiles/cmTryCompileExec3970252.dir/CheckSymbolExists.c.o: dans la fonction « main »:
CheckSymbolExists.c:(.text+0x16): référence indéfinie vers « pthread_create »
collect2: error: ld returned 1 exit status
make[1]: *** [cmTryCompileExec3970252] Erreur 1
make[1]: quittant le répertoire « /home/romain/Bureau/iSeason/build/CMakeFiles/CMakeTmp »
make: *** [cmTryCompileExec3970252/fast] Erreur 2

File /home/romain/Bureau/iSeason/build/CMakeFiles/CMakeTmp/CheckSymbolExists.c:
/* */
#include <pthread.h>

int main(int argc, char** argv)
{
  (void)argv;
#ifndef pthread_create
  return ((int*)(&pthread_create))[argc];
#else
  (void)argc;
  return 0;
#endif
}

Determining if the function pthread_create exists in the pthreads failed with the following output:
Change Dir: /home/romain/Bureau/iSeason/build/CMakeFiles/CMakeTmp

Run Build Command:/usr/bin/make "cmTryCompileExec1207935898/fast"
/usr/bin/make -f CMakeFiles/cmTryCompileExec1207935898.dir/build.make CMakeFiles/cmTryCompileExec1207935898.dir/build
make[1]: entrant dans le répertoire « /home/romain/Bureau/iSeason/build/CMakeFiles/CMakeTmp »
/usr/bin/cmake -E cmake_progress_report /home/romain/Bureau/iSeason/build/CMakeFiles/CMakeTmp/CMakeFiles 1
Building C object CMakeFiles/cmTryCompileExec1207935898.dir/CheckFunctionExists.c.o
/usr/bin/cc   -DCHECK_FUNCTION_EXISTS=pthread_create   -o CMakeFiles/cmTryCompileExec1207935898.dir/CheckFunctionExists.c.o   -c /usr/share/cmake-2.8/Modules/CheckFunctionExists.c
Linking C executable cmTryCompileExec1207935898
/usr/bin/cmake -E cmake_link_script CMakeFiles/cmTryCompileExec1207935898.dir/link.txt --verbose=1
/usr/bin/cc   -DCHECK_FUNCTION_EXISTS=pthread_create    CMakeFiles/cmTryCompileExec1207935898.dir/CheckFunctionExists.c.o  -o cmTryCompileExec1207935898 -rdynamic -lpthreads 
/usr/bin/ld: ne peut trouver -lpthreads
collect2: error: ld returned 1 exit status
make[1]: *** [cmTryCompileExec1207935898] Erreur 1
make[1]: quittant le répertoire « /home/romain/Bureau/iSeason/build/CMakeFiles/CMakeTmp »
make: *** [cmTryCompileExec1207935898/fast] Erreur 2


