Determining if the pthread_create exist failed with the following output:
Change Dir: /home/romain/Bureau/iSeason/project/CMakeFiles/CMakeTmp

Run Build Command:/usr/bin/make "cmTryCompileExec4109422470/fast"
/usr/bin/make -f CMakeFiles/cmTryCompileExec4109422470.dir/build.make CMakeFiles/cmTryCompileExec4109422470.dir/build
make[1]: entrant dans le répertoire « /home/romain/Bureau/iSeason/project/CMakeFiles/CMakeTmp »
/usr/bin/cmake -E cmake_progress_report /home/romain/Bureau/iSeason/project/CMakeFiles/CMakeTmp/CMakeFiles 1
Building C object CMakeFiles/cmTryCompileExec4109422470.dir/CheckSymbolExists.c.o
/usr/bin/cc    -o CMakeFiles/cmTryCompileExec4109422470.dir/CheckSymbolExists.c.o   -c /home/romain/Bureau/iSeason/project/CMakeFiles/CMakeTmp/CheckSymbolExists.c
Linking C executable cmTryCompileExec4109422470
/usr/bin/cmake -E cmake_link_script CMakeFiles/cmTryCompileExec4109422470.dir/link.txt --verbose=1
/usr/bin/cc       CMakeFiles/cmTryCompileExec4109422470.dir/CheckSymbolExists.c.o  -o cmTryCompileExec4109422470 -rdynamic 
CMakeFiles/cmTryCompileExec4109422470.dir/CheckSymbolExists.c.o: dans la fonction « main »:
CheckSymbolExists.c:(.text+0x16): référence indéfinie vers « pthread_create »
collect2: error: ld returned 1 exit status
make[1]: *** [cmTryCompileExec4109422470] Erreur 1
make[1]: quittant le répertoire « /home/romain/Bureau/iSeason/project/CMakeFiles/CMakeTmp »
make: *** [cmTryCompileExec4109422470/fast] Erreur 2

File /home/romain/Bureau/iSeason/project/CMakeFiles/CMakeTmp/CheckSymbolExists.c:
/* */
#include <pthread.h>

int main(int argc, char** argv)
{
  (void)argv;
#ifndef pthread_create
  return ((int*)(&pthread_create))[argc];
#else
  (void)argc;
  return 0;
#endif
}

Determining if the function pthread_create exists in the pthreads failed with the following output:
Change Dir: /home/romain/Bureau/iSeason/project/CMakeFiles/CMakeTmp

Run Build Command:/usr/bin/make "cmTryCompileExec1668699399/fast"
/usr/bin/make -f CMakeFiles/cmTryCompileExec1668699399.dir/build.make CMakeFiles/cmTryCompileExec1668699399.dir/build
make[1]: entrant dans le répertoire « /home/romain/Bureau/iSeason/project/CMakeFiles/CMakeTmp »
/usr/bin/cmake -E cmake_progress_report /home/romain/Bureau/iSeason/project/CMakeFiles/CMakeTmp/CMakeFiles 1
Building C object CMakeFiles/cmTryCompileExec1668699399.dir/CheckFunctionExists.c.o
/usr/bin/cc   -DCHECK_FUNCTION_EXISTS=pthread_create   -o CMakeFiles/cmTryCompileExec1668699399.dir/CheckFunctionExists.c.o   -c /usr/share/cmake-2.8/Modules/CheckFunctionExists.c
Linking C executable cmTryCompileExec1668699399
/usr/bin/cmake -E cmake_link_script CMakeFiles/cmTryCompileExec1668699399.dir/link.txt --verbose=1
/usr/bin/cc   -DCHECK_FUNCTION_EXISTS=pthread_create    CMakeFiles/cmTryCompileExec1668699399.dir/CheckFunctionExists.c.o  -o cmTryCompileExec1668699399 -rdynamic -lpthreads 
/usr/bin/ld: ne peut trouver -lpthreads
collect2: error: ld returned 1 exit status
make[1]: *** [cmTryCompileExec1668699399] Erreur 1
make[1]: quittant le répertoire « /home/romain/Bureau/iSeason/project/CMakeFiles/CMakeTmp »
make: *** [cmTryCompileExec1668699399/fast] Erreur 2


